<?xml version="1.0" encoding="UTF-8"?>
<testng-results skipped="0" failed="0" total="1" passed="1">
  <reporter-output>
  </reporter-output>
  <suite name="Default suite" duration-ms="48689" started-at="2019-07-08T16:17:39Z" finished-at="2019-07-08T16:18:28Z">
    <groups>
    </groups>
    <test name="Default test" duration-ms="48689" started-at="2019-07-08T16:17:39Z" finished-at="2019-07-08T16:18:28Z">
      <class name="pomutility.TC1">
        <test-method status="PASS" signature="openbrowser()[pri:0, instance:pomutility.TC1@71e7a66b]" name="openbrowser" duration-ms="48662" started-at="2019-07-08T21:47:39Z" finished-at="2019-07-08T21:48:28Z">
          <reporter-output>
          </reporter-output>
        </test-method> <!-- openbrowser -->
      </class> <!-- pomutility.TC1 -->
    </test> <!-- Default test -->
  </suite> <!-- Default suite -->
</testng-results>
